#
# A fatal error has been detected by the Java Runtime Environment:
#
#  SIGBUS (0xa) at pc=0x00007fff6fb29769, pid=47193, tid=0x0000000000001b03
#
# JRE version: Java(TM) SE Runtime Environment (8.0_221-b11) (build 1.8.0_221-b11)
# Java VM: Java HotSpot(TM) 64-Bit Server VM (25.221-b11 mixed mode bsd-amd64 compressed oops)
# Problematic frame:
# C  [libsystem_platform.dylib+0x1769]  _platform_memmove$VARIANT$Haswell+0x29
#
# Failed to write core dump. Core dumps have been disabled. To enable core dumping, try "ulimit -c unlimited" before starting Java again
#
# If you would like to submit a bug report, please visit:
#   http://bugreport.java.com/bugreport/crash.jsp
# The crash happened outside the Java Virtual Machine in native code.
# See problematic frame for where to report the bug.
#

---------------  T H R E A D  ---------------

Current thread (0x00007fed04805000):  JavaThread "main" [_thread_in_native, id=6915, stack(0x000070000a68d000,0x000070000a78d000)]

siginfo: si_signo: 10 (SIGBUS), si_code: 2 (BUS_ADRERR), si_addr: 0x000000012104b000

Registers:
RAX=0x00007fecc4a4dc00, RBX=0x000000012104a153, RCX=0x0000000000005de4, RDX=0x0000000000006c63
RSP=0x000070000a789f80, RBP=0x000070000a789f80, RSI=0x000000012104b000, RDI=0x00007fecc4a4ea7f
R8 =0x0000000000008009, R9 =0x0000000000000000, R10=0x00000000000012a5, R11=0x00007feba3a03a7f
R12=0x000000006b2f746e, R13=0x000000002f656c62, R14=0x000000002f6c7173, R15=0x0000000000002f69
RIP=0x00007fff6fb29769, EFLAGS=0x0000000000010206, ERR=0x0000000000000004
  TRAPNO=0x000000000000000e

Top of Stack: (sp=0x000070000a789f80)
0x000070000a789f80:   000070000a789ff0 0000000107e59006
0x000070000a789f90:   00000069e4531d30 000000000000002f
0x000070000a789fa0:   0000000000006f63 00007fecc4a4dc00
0x000070000a789fb0:   0000000000006c63 00007fed04638a50
0x000070000a789fc0:   00007feca4782c90 00007fed04638a50
0x000070000a789fd0:   00007fed06b31200 00000000000002e0
0x000070000a789fe0:   000000005bb481b4 00007feca470f700
0x000070000a789ff0:   000070000a78a050 0000000107e5952d
0x000070000a78a000:   000070000a78a0a1 000070000a78a0a0
0x000070000a78a010:   0000003100000000 0000003201805000
0x000070000a78a020:   000070000a78a06e 000070000a78a4b8
0x000070000a78a030:   0000000000000032 000070000a78a06e
0x000070000a78a040:   00007fed04638a50 00007fed048051f8
0x000070000a78a050:   000070000a78a4a0 0000000107e58238
0x000070000a78a060:   000000010c240ba0 6f69700000000001
0x000070000a78a070:   65756c666e6f632f 2f6c71736b2f746e
0x000070000a78a080:   736e6f632f696c63 2f646d632f656c6f
0x000070000a78a090:   7455646d43696c43 7373616c632e6c69
0x000070000a78a0a0:   000070000a780000 0000000109b280f7
0x000070000a78a0b0:   0000000700000000 00007fed0450b700
0x000070000a78a0c0:   00007fed048051f8 000070000a78a320
0x000070000a78a0d0:   000070000a78a140 0000000703916aa8
0x000070000a78a0e0:   000000076003bdf8 00007fed224eab80
0x000070000a78a0f0:   00000000223bd0c0 652d20650b6c8d28
0x000070000a78a100:   00000000224e6618 00007fed23d707a8
0x000070000a78a110:   00007fed23d70768 0000000121010168
0x000070000a78a120:   00007fed21f3a620 000070000a78a0d8
0x000070000a78a130:   000070000a78a119 0000000800000002
0x000070000a78a140:   000070000a78c100 00007fed0450a250
0x000070000a78a150:   00007fed0450ba90 00007fed0450baa0
0x000070000a78a160:   00007fed0450be78 00000000000003d8
0x000070000a78a170:   000000010a039010 00007fed088b68f0 

Instructions: (pc=0x00007fff6fb29769)
0x00007fff6fb29749:   f3 48 89 f8 49 39 d3 72 1b 48 83 fa 60 76 2f 48
0x00007fff6fb29759:   81 fa 00 40 00 00 0f 82 cb 00 00 00 48 89 d1 fc
0x00007fff6fb29769:   f3 a4 5d c3 48 39 fe 74 f9 48 01 d6 48 01 d7 48
0x00007fff6fb29779:   83 fa 60 0f 82 8c 01 00 00 e9 a9 01 00 00 48 83 

Register to memory mapping:

RAX=0x00007fecc4a4dc00 is an unknown value
RBX=0x000000012104a153 is an unknown value
RCX=0x0000000000005de4 is an unknown value
RDX=0x0000000000006c63 is an unknown value
RSP=0x000070000a789f80 is pointing into the stack for thread: 0x00007fed04805000
RBP=0x000070000a789f80 is pointing into the stack for thread: 0x00007fed04805000
RSI=0x000000012104b000 is an unknown value
RDI=0x00007fecc4a4ea7f is an unknown value
R8 =0x0000000000008009 is an unknown value
R9 =0x0000000000000000 is an unknown value
R10=0x00000000000012a5 is an unknown value
R11=0x00007feba3a03a7f is an unknown value
R12=0x000000006b2f746e is an unknown value
R13=0x000000002f656c62 is an unknown value
R14=0x000000002f6c7173 is an unknown value
R15=0x0000000000002f69 is an unknown value


Stack: [0x000070000a68d000,0x000070000a78d000],  sp=0x000070000a789f80,  free space=1011k
Native frames: (J=compiled Java code, j=interpreted, Vv=VM code, C=native code)
C  [libsystem_platform.dylib+0x1769]  _platform_memmove$VARIANT$Haswell+0x29
C  [libzip.dylib+0x3006]  newEntry+0x2c8
C  [libzip.dylib+0x352d]  ZIP_GetEntry2+0xd4
C  [libzip.dylib+0x2238]  Java_java_util_zip_ZipFile_getEntry+0xcf
J 292  java.util.zip.ZipFile.getEntry(J[BZ)J (0 bytes) @ 0x000000010c3a938e [0x000000010c3a92c0+0xce]
J 1429 C2 sun.misc.URLClassPath$JarLoader.getResource(Ljava/lang/String;Z)Lsun/misc/Resource; (85 bytes) @ 0x000000010c76c890 [0x000000010c76c4c0+0x3d0]
J 896 C2 sun.misc.URLClassPath.getResource(Ljava/lang/String;Z)Lsun/misc/Resource; (83 bytes) @ 0x000000010c57c3b8 [0x000000010c57c220+0x198]
J 2283 C2 java.net.URLClassLoader$1.run()Ljava/lang/Object; (5 bytes) @ 0x000000010c9971b0 [0x000000010c996c40+0x570]
v  ~StubRoutines::call_stub
V  [libjvm.dylib+0x2f0d1e]  JavaCalls::call_helper(JavaValue*, methodHandle*, JavaCallArguments*, Thread*)+0x6ae
V  [libjvm.dylib+0x35160e]  JVM_DoPrivileged+0x4b8
J 300  java.security.AccessController.doPrivileged(Ljava/security/PrivilegedExceptionAction;Ljava/security/AccessControlContext;)Ljava/lang/Object; (0 bytes) @ 0x000000010c3ad595 [0x000000010c3ad4c0+0xd5]
J 1905 C2 java.lang.ClassLoader.loadClass(Ljava/lang/String;Z)Ljava/lang/Class; (122 bytes) @ 0x000000010c886bd4 [0x000000010c885fe0+0xbf4]
J 834 C1 sun.misc.Launcher$AppClassLoader.loadClass(Ljava/lang/String;Z)Ljava/lang/Class; (85 bytes) @ 0x000000010c516ce4 [0x000000010c516340+0x9a4]
J 748 C1 java.lang.ClassLoader.loadClass(Ljava/lang/String;)Ljava/lang/Class; (7 bytes) @ 0x000000010c4cef44 [0x000000010c4cee40+0x104]
v  ~StubRoutines::call_stub
V  [libjvm.dylib+0x2f0d1e]  JavaCalls::call_helper(JavaValue*, methodHandle*, JavaCallArguments*, Thread*)+0x6ae
V  [libjvm.dylib+0x2f14c2]  JavaCalls::call_virtual(JavaValue*, KlassHandle, Symbol*, Symbol*, JavaCallArguments*, Thread*)+0x164
V  [libjvm.dylib+0x2f161a]  JavaCalls::call_virtual(JavaValue*, Handle, KlassHandle, Symbol*, Symbol*, Handle, Thread*)+0x56
V  [libjvm.dylib+0x54194c]  SystemDictionary::load_instance_class(Symbol*, Handle, Thread*)+0x2d8
V  [libjvm.dylib+0x5410f6]  SystemDictionary::resolve_instance_class_or_null(Symbol*, Handle, Handle, Thread*)+0x484
V  [libjvm.dylib+0x541b68]  SystemDictionary::resolve_or_null(Symbol*, Handle, Handle, Thread*)+0x106
V  [libjvm.dylib+0x54221b]  SystemDictionary::resolve_or_fail(Symbol*, Handle, Handle, bool, Thread*)+0x31
V  [libjvm.dylib+0x1e43a4]  ConstantPool::klass_at_impl(constantPoolHandle, int, Thread*)+0x2f0
V  [libjvm.dylib+0x4554ba]  ConstantPool::klass_at(int, Thread*)+0x92
V  [libjvm.dylib+0x3ce616]  LinkResolver::resolve_pool(KlassHandle&, Symbol*&, Symbol*&, KlassHandle&, constantPoolHandle, int, Thread*)+0x72
V  [libjvm.dylib+0x3d1dee]  LinkResolver::resolve_invokestatic(CallInfo&, constantPoolHandle, int, Thread*)+0x9e
V  [libjvm.dylib+0x3d1f13]  LinkResolver::resolve_invoke(CallInfo&, Handle, constantPoolHandle, int, Bytecodes::Code, Thread*)+0xb3
V  [libjvm.dylib+0x2eb0fe]  InterpreterRuntime::resolve_invoke(JavaThread*, Bytecodes::Code)+0x364
j  io.confluent.ksql.cli.console.cmd.Exit.execute(Ljava/util/List;Ljava/io/PrintWriter;)V+6
j  io.confluent.ksql.cli.console.Console$CliCmdExecutor.execute(Ljava/io/PrintWriter;)V+9
j  io.confluent.ksql.cli.console.Console.lambda$maybeHandleCliSpecificCommands$18(Lio/confluent/ksql/cli/console/Console$CliCmdExecutor;)Ljava/lang/Boolean;+5
j  io.confluent.ksql.cli.console.Console$$Lambda$350.apply(Ljava/lang/Object;)Ljava/lang/Object;+8
j  java.util.Optional.map(Ljava/util/function/Function;)Ljava/util/Optional;+21
j  io.confluent.ksql.cli.console.Console.maybeHandleCliSpecificCommands(Ljava/lang/String;)Z+17
j  io.confluent.ksql.cli.console.Console.readLine()Ljava/lang/String;+12
j  io.confluent.ksql.cli.Cli.readLine()Ljava/lang/String;+4
j  io.confluent.ksql.cli.Cli.runInteractively()V+26
j  io.confluent.ksql.Ksql.run()V+99
j  io.confluent.ksql.Ksql.main([Ljava/lang/String;)V+48
v  ~StubRoutines::call_stub
V  [libjvm.dylib+0x2f0d1e]  JavaCalls::call_helper(JavaValue*, methodHandle*, JavaCallArguments*, Thread*)+0x6ae
V  [libjvm.dylib+0x327cc5]  jni_invoke_static(JNIEnv_*, JavaValue*, _jobject*, JNICallType, _jmethodID*, JNI_ArgumentPusher*, Thread*)+0x1bf
V  [libjvm.dylib+0x320a51]  jni_CallStaticVoidMethod+0x15d
C  [java+0x38c6]  JavaMain+0x9c4
C  [libsystem_pthread.dylib+0x5e65]  _pthread_start+0x94
C  [libsystem_pthread.dylib+0x183b]  thread_start+0xf
C  0x0000000000000000

Java frames: (J=compiled Java code, j=interpreted, Vv=VM code)
J 292  java.util.zip.ZipFile.getEntry(J[BZ)J (0 bytes) @ 0x000000010c3a9318 [0x000000010c3a92c0+0x58]
J 1429 C2 sun.misc.URLClassPath$JarLoader.getResource(Ljava/lang/String;Z)Lsun/misc/Resource; (85 bytes) @ 0x000000010c76c890 [0x000000010c76c4c0+0x3d0]
J 896 C2 sun.misc.URLClassPath.getResource(Ljava/lang/String;Z)Lsun/misc/Resource; (83 bytes) @ 0x000000010c57c3b8 [0x000000010c57c220+0x198]
J 2283 C2 java.net.URLClassLoader$1.run()Ljava/lang/Object; (5 bytes) @ 0x000000010c9971b0 [0x000000010c996c40+0x570]
v  ~StubRoutines::call_stub
J 300  java.security.AccessController.doPrivileged(Ljava/security/PrivilegedExceptionAction;Ljava/security/AccessControlContext;)Ljava/lang/Object; (0 bytes) @ 0x000000010c3ad523 [0x000000010c3ad4c0+0x63]
J 1905 C2 java.lang.ClassLoader.loadClass(Ljava/lang/String;Z)Ljava/lang/Class; (122 bytes) @ 0x000000010c886bd4 [0x000000010c885fe0+0xbf4]
J 834 C1 sun.misc.Launcher$AppClassLoader.loadClass(Ljava/lang/String;Z)Ljava/lang/Class; (85 bytes) @ 0x000000010c516ce4 [0x000000010c516340+0x9a4]
J 748 C1 java.lang.ClassLoader.loadClass(Ljava/lang/String;)Ljava/lang/Class; (7 bytes) @ 0x000000010c4cef44 [0x000000010c4cee40+0x104]
v  ~StubRoutines::call_stub
j  io.confluent.ksql.cli.console.cmd.Exit.execute(Ljava/util/List;Ljava/io/PrintWriter;)V+6
j  io.confluent.ksql.cli.console.Console$CliCmdExecutor.execute(Ljava/io/PrintWriter;)V+9
j  io.confluent.ksql.cli.console.Console.lambda$maybeHandleCliSpecificCommands$18(Lio/confluent/ksql/cli/console/Console$CliCmdExecutor;)Ljava/lang/Boolean;+5
j  io.confluent.ksql.cli.console.Console$$Lambda$350.apply(Ljava/lang/Object;)Ljava/lang/Object;+8
j  java.util.Optional.map(Ljava/util/function/Function;)Ljava/util/Optional;+21
j  io.confluent.ksql.cli.console.Console.maybeHandleCliSpecificCommands(Ljava/lang/String;)Z+17
j  io.confluent.ksql.cli.console.Console.readLine()Ljava/lang/String;+12
j  io.confluent.ksql.cli.Cli.readLine()Ljava/lang/String;+4
j  io.confluent.ksql.cli.Cli.runInteractively()V+26
j  io.confluent.ksql.Ksql.run()V+99
j  io.confluent.ksql.Ksql.main([Ljava/lang/String;)V+48
v  ~StubRoutines::call_stub

---------------  P R O C E S S  ---------------

Java Threads: ( => current thread )
  0x00007fecd5a02000 JavaThread "process reaper" daemon [_thread_blocked, id=39175, stack(0x000070000b946000,0x000070000b96e000)]
  0x00007fed04d34000 JavaThread "vert.x-eventloop-thread-3" [_thread_in_native, id=14347, stack(0x000070000c81e000,0x000070000c91e000)]
  0x00007fecd5631800 JavaThread "vert.x-eventloop-thread-2" [_thread_in_native, id=25091, stack(0x000070000c71b000,0x000070000c81b000)]
  0x00007fed05c42000 JavaThread "KsqlVersionCheckerAgent" daemon [_thread_blocked, id=40451, stack(0x000070000c5ed000,0x000070000c6ed000)]
  0x00007fecc494d800 JavaThread "vert.x-eventloop-thread-1" [_thread_in_native, id=40707, stack(0x000070000c4ea000,0x000070000c5ea000)]
  0x00007fecd552b800 JavaThread "vert.x-eventloop-thread-0" [_thread_in_native, id=24067, stack(0x000070000c3e7000,0x000070000c4e7000)]
  0x00007fecc4822000 JavaThread "vertx-blocked-thread-checker" daemon [_thread_blocked, id=23555, stack(0x000070000c2e4000,0x000070000c3e4000)]
  0x00007fece4bc8000 JavaThread "RMI TCP Accept-0" daemon [_thread_in_native, id=40963, stack(0x000070000c0de000,0x000070000c1de000)]
  0x00007fed0506f800 JavaThread "Service Thread" daemon [_thread_blocked, id=41475, stack(0x000070000bfdb000,0x000070000c0db000)]
  0x00007fece4801000 JavaThread "C1 CompilerThread3" daemon [_thread_blocked, id=41731, stack(0x000070000bed8000,0x000070000bfd8000)]
  0x00007fed0506e800 JavaThread "C2 CompilerThread2" daemon [_thread_blocked, id=41987, stack(0x000070000bdd5000,0x000070000bed5000)]
  0x00007fed05061800 JavaThread "C2 CompilerThread1" daemon [_thread_blocked, id=42499, stack(0x000070000bcd2000,0x000070000bdd2000)]
  0x00007fed05056000 JavaThread "C2 CompilerThread0" daemon [_thread_blocked, id=43011, stack(0x000070000bbcf000,0x000070000bccf000)]
  0x00007fed05053800 JavaThread "Signal Dispatcher" daemon [_thread_blocked, id=43267, stack(0x000070000bacc000,0x000070000bbcc000)]
  0x00007fece4800000 JavaThread "Surrogate Locker Thread (Concurrent GC)" daemon [_thread_blocked, id=14595, stack(0x000070000b9c9000,0x000070000bac9000)]
  0x00007fed05052800 JavaThread "Finalizer" daemon [_thread_blocked, id=17667, stack(0x000070000b7c0000,0x000070000b8c0000)]
  0x00007fed0504f800 JavaThread "Reference Handler" daemon [_thread_blocked, id=17923, stack(0x000070000b6bd000,0x000070000b7bd000)]
=>0x00007fed04805000 JavaThread "main" [_thread_in_native, id=6915, stack(0x000070000a68d000,0x000070000a78d000)]

Other Threads:
  0x00007fed05049000 VMThread [stack: 0x000070000b5ba000,0x000070000b6ba000] [id=18179]
  0x00007fecd5400800 WatcherThread [stack: 0x000070000c1e1000,0x000070000c2e1000] [id=23043]

VM state:not at safepoint (normal execution)

VM Mutex/Monitor currently owned by a thread: None

heap address: 0x0000000700000000, size: 3072 MB, Compressed Oops mode: Zero based, Oop shift amount: 3
Narrow klass base: 0x0000000000000000, Narrow klass shift: 3
Compressed class space size: 1073741824 Address: 0x00000007c0000000

Heap:
 par new generation   total 235968K, used 84062K [0x0000000700000000, 0x0000000710000000, 0x0000000760000000)
  eden space 209792K,  34% used [0x0000000700000000, 0x000000070463dc30, 0x000000070cce0000)
  from space 26176K,  46% used [0x000000070cce0000, 0x000000070d8b9ca0, 0x000000070e670000)
  to   space 26176K,   0% used [0x000000070e670000, 0x000000070e670000, 0x0000000710000000)
 concurrent mark-sweep generation total 262144K, used 8150K [0x0000000760000000, 0x0000000770000000, 0x00000007c0000000)
 Metaspace       used 32109K, capacity 33609K, committed 33792K, reserved 1079296K
  class space    used 4066K, capacity 4329K, committed 4352K, reserved 1048576K

Card table byte_map: [0x000000010ab79000,0x000000010b17a000] byte_map_base: 0x0000000107379000

Marking Bits: (CMSBitMap*) 0x00007fed06802948
 Bits: [0x000000011b1fa000, 0x000000011c9fa000)

Mod Union Table: (CMSBitMap*) 0x00007fed06802a08
 Bits: [0x0000000107e5f000, 0x0000000107ebf000)

Polling page: 0x0000000107e4d000

CodeCache: size=245760Kb used=7445Kb max_used=7461Kb free=238314Kb
 bounds [0x000000010c1fa000, 0x000000010c9ba000, 0x000000011b1fa000]
 total_blobs=2784 nmethods=2231 adapters=466
 compilation: enabled

Compilation events (10 events):
Event: 7418.954 Thread 0x00007fece4801000 2591       3       org.jline.utils.AttributedStringBuilder::<init> (7 bytes)
Event: 7418.954 Thread 0x00007fece4801000 nmethod 2591 0x000000010c4c03d0 code [0x000000010c4c0540, 0x000000010c4c06c8]
Event: 7419.282 Thread 0x00007fece4801000 2592       3       java.lang.invoke.MemberName::hashCode (39 bytes)
Event: 7419.283 Thread 0x00007fece4801000 nmethod 2592 0x000000010c4a9350 code [0x000000010c4a9560, 0x000000010c4aa308]
Event: 7419.283 Thread 0x00007fece4801000 2593       3       java.util.Objects::hash (5 bytes)
Event: 7419.283 Thread 0x00007fece4801000 nmethod 2593 0x000000010c53e390 code [0x000000010c53e500, 0x000000010c53e668]
Event: 7419.284 Thread 0x00007fece4801000 2594       1       org.jline.terminal.Size::getRows (5 bytes)
Event: 7419.284 Thread 0x00007fece4801000 nmethod 2594 0x000000010c479050 code [0x000000010c4791a0, 0x000000010c4792b0]
Event: 7419.294 Thread 0x00007fece4801000 2595       3       java.util.RegularEnumSet::remove (74 bytes)
Event: 7419.295 Thread 0x00007fece4801000 nmethod 2595 0x000000010c4b6610 code [0x000000010c4b67a0, 0x000000010c4b6d48]

GC Heap History (4 events):
Event: 1.988 GC heap before
{Heap before GC invocations=0 (full 0):
 par new generation   total 235968K, used 209792K [0x0000000700000000, 0x0000000710000000, 0x0000000760000000)
  eden space 209792K, 100% used [0x0000000700000000, 0x000000070cce0000, 0x000000070cce0000)
  from space 26176K,   0% used [0x000000070cce0000, 0x000000070cce0000, 0x000000070e670000)
  to   space 26176K,   0% used [0x000000070e670000, 0x000000070e670000, 0x0000000710000000)
 concurrent mark-sweep generation total 262144K, used 0K [0x0000000760000000, 0x0000000770000000, 0x00000007c0000000)
 Metaspace       used 20911K, capacity 21358K, committed 21552K, reserved 1069056K
  class space    used 2554K, capacity 2681K, committed 2688K, reserved 1048576K
Event: 2.000 GC heap after
Heap after GC invocations=1 (full 0):
 par new generation   total 235968K, used 17827K [0x0000000700000000, 0x0000000710000000, 0x0000000760000000)
  eden space 209792K,   0% used [0x0000000700000000, 0x0000000700000000, 0x000000070cce0000)
  from space 26176K,  68% used [0x000000070e670000, 0x000000070f7d8d40, 0x0000000710000000)
  to   space 26176K,   0% used [0x000000070cce0000, 0x000000070cce0000, 0x000000070e670000)
 concurrent mark-sweep generation total 262144K, used 0K [0x0000000760000000, 0x0000000770000000, 0x00000007c0000000)
 Metaspace       used 20911K, capacity 21358K, committed 21552K, reserved 1069056K
  class space    used 2554K, capacity 2681K, committed 2688K, reserved 1048576K
}
Event: 7.106 GC heap before
{Heap before GC invocations=1 (full 1):
 par new generation   total 235968K, used 99181K [0x0000000700000000, 0x0000000710000000, 0x0000000760000000)
  eden space 209792K,  38% used [0x0000000700000000, 0x0000000704f728d0, 0x000000070cce0000)
  from space 26176K,  68% used [0x000000070e670000, 0x000000070f7d8d40, 0x0000000710000000)
  to   space 26176K,   0% used [0x000000070cce0000, 0x000000070cce0000, 0x000000070e670000)
 concurrent mark-sweep generation total 262144K, used 0K [0x0000000760000000, 0x0000000770000000, 0x00000007c0000000)
 Metaspace       used 29019K, capacity 30391K, committed 30592K, reserved 1075200K
  class space    used 3583K, capacity 3860K, committed 3968K, reserved 1048576K
Event: 7.135 GC heap after
Heap after GC invocations=2 (full 1):
 par new generation   total 235968K, used 12135K [0x0000000700000000, 0x0000000710000000, 0x0000000760000000)
  eden space 209792K,   0% used [0x0000000700000000, 0x0000000700000000, 0x000000070cce0000)
  from space 26176K,  46% used [0x000000070cce0000, 0x000000070d8b9ca0, 0x000000070e670000)
  to   space 26176K,   0% used [0x000000070e670000, 0x000000070e670000, 0x0000000710000000)
 concurrent mark-sweep generation total 262144K, used 8150K [0x0000000760000000, 0x0000000770000000, 0x00000007c0000000)
 Metaspace       used 29019K, capacity 30391K, committed 30592K, reserved 1075200K
  class space    used 3583K, capacity 3860K, committed 3968K, reserved 1048576K
}

Deoptimization events (10 events):
Event: 2.544 Thread 0x00007fed05c42000 Uncommon trap: reason=unstable_if action=reinterpret pc=0x000000010c82a13c method=java.util.Arrays.equals([B[B)Z @ 41
Event: 2.746 Thread 0x00007fed05c42000 Uncommon trap: reason=class_check action=maybe_recompile pc=0x000000010c719f20 method=java.util.regex.Pattern$Begin.match(Ljava/util/regex/Matcher;ILjava/lang/CharSequence;)Z @ 30
Event: 2.746 Thread 0x00007fed05c42000 Uncommon trap: reason=class_check action=maybe_recompile pc=0x000000010c719f20 method=java.util.regex.Pattern$Begin.match(Ljava/util/regex/Matcher;ILjava/lang/CharSequence;)Z @ 30
Event: 2.746 Thread 0x00007fed05c42000 Uncommon trap: reason=class_check action=maybe_recompile pc=0x000000010c719f20 method=java.util.regex.Pattern$Begin.match(Ljava/util/regex/Matcher;ILjava/lang/CharSequence;)Z @ 30
Event: 2.923 Thread 0x00007fed05c42000 Uncommon trap: reason=unstable_if action=reinterpret pc=0x000000010c8c60b0 method=java.util.HashMap$HashIterator.<init>(Ljava/util/HashMap;)V @ 45
Event: 4.678 Thread 0x00007fecc494d800 Uncommon trap: reason=unstable_if action=reinterpret pc=0x000000010c84a650 method=java.util.concurrent.ConcurrentHashMap.addCount(JI)V @ 7
Event: 54.205 Thread 0x00007fed04805000 Uncommon trap: reason=unstable_if action=reinterpret pc=0x000000010c495ba4 method=java.util.BitSet.get(I)Z @ 45
Event: 54.234 Thread 0x00007fecd5631800 Uncommon trap: reason=unstable_if action=reinterpret pc=0x000000010c6fcd44 method=java.nio.Buffer.limit(I)Ljava/nio/Buffer; @ 33
Event: 4765.732 Thread 0x00007fecc4822000 Uncommon trap: reason=unstable_if action=reinterpret pc=0x000000010c4c30b4 method=io.vertx.core.impl.BlockedThreadChecker$1.run()V @ 125
Event: 7418.783 Thread 0x00007fed04805000 Uncommon trap: reason=unstable_if action=reinterpret pc=0x000000010c7221dc method=org.jline.terminal.impl.AbstractPty$PtyInputStream.read(JZ)I @ 52

Classes redefined (0 events):
No events

Internal exceptions (10 events):
Event: 1.793 Thread 0x00007fed04805000 Exception <a 'java/lang/NoSuchMethodError'> (0x000000070b2783a8) thrown at [/Users/java_re/workspace/8-2-build-macosx-x86_64/jdk8u221/13320/hotspot/src/share/vm/oops/instanceKlass.cpp, line 959]
Event: 1.798 Thread 0x00007fed04805000 Exception <a 'java/lang/NoClassDefFoundError': org/fusesource/jansi/Ansi> (0x000000070b359a80) thrown at [/Users/java_re/workspace/8-2-build-macosx-x86_64/jdk8u221/13320/hotspot/src/share/vm/classfile/systemDictionary.cpp, line 199]
Event: 2.125 Thread 0x00007fed04805000 Exception <a 'java/lang/ArrayIndexOutOfBoundsException': 70> (0x000000070172c768) thrown at [/Users/java_re/workspace/8-2-build-macosx-x86_64/jdk8u221/13320/hotspot/src/share/vm/interpreter/interpreterRuntime.cpp, line 368]
Event: 2.126 Thread 0x00007fed04805000 Exception <a 'java/lang/ArrayIndexOutOfBoundsException': 68> (0x000000070172d868) thrown at [/Users/java_re/workspace/8-2-build-macosx-x86_64/jdk8u221/13320/hotspot/src/share/vm/interpreter/interpreterRuntime.cpp, line 368]
Event: 2.126 Thread 0x00007fed04805000 Exception <a 'java/lang/ArrayIndexOutOfBoundsException': 69> (0x000000070173d0b0) thrown at [/Users/java_re/workspace/8-2-build-macosx-x86_64/jdk8u221/13320/hotspot/src/share/vm/interpreter/interpreterRuntime.cpp, line 368]
Event: 2.126 Thread 0x00007fed04805000 Exception <a 'java/lang/ArrayIndexOutOfBoundsException': 68> (0x000000070173dfb0) thrown at [/Users/java_re/workspace/8-2-build-macosx-x86_64/jdk8u221/13320/hotspot/src/share/vm/interpreter/interpreterRuntime.cpp, line 368]
Event: 40.552 Thread 0x00007fed04805000 Exception <a 'java/lang/NoSuchMethodError': java.lang.Object.lambda$codePoints$1()Ljava/util/Spliterator$OfInt;> (0x0000000701d22eb8) thrown at [/Users/java_re/workspace/8-2-build-macosx-x86_64/jdk8u221/13320/hotspot/src/share/vm/interpreter/linkResolver.
Event: 54.103 Thread 0x00007fed04805000 Exception <a 'sun/nio/fs/UnixException'> (0x0000000701f43428) thrown at [/Users/java_re/workspace/8-2-build-macosx-x86_64/jdk8u221/13320/hotspot/src/share/vm/prims/jni.cpp, line 710]
Event: 73.586 Thread 0x00007fed04805000 Exception <a 'sun/nio/fs/UnixException'> (0x000000070384eb38) thrown at [/Users/java_re/workspace/8-2-build-macosx-x86_64/jdk8u221/13320/hotspot/src/share/vm/prims/jni.cpp, line 710]
Event: 7419.302 Thread 0x00007fed04805000 Exception <a 'sun/nio/fs/UnixException'> (0x000000070390e7b8) thrown at [/Users/java_re/workspace/8-2-build-macosx-x86_64/jdk8u221/13320/hotspot/src/share/vm/prims/jni.cpp, line 710]

Events (10 events):
Event: 7419.301 Executing VM operation: RevokeBias
Event: 7419.301 Executing VM operation: RevokeBias done
Event: 7419.301 Executing VM operation: RevokeBias
Event: 7419.301 Executing VM operation: RevokeBias done
Event: 7419.301 Executing VM operation: RevokeBias
Event: 7419.301 Executing VM operation: RevokeBias done
Event: 7419.301 Executing VM operation: RevokeBias
Event: 7419.301 Executing VM operation: RevokeBias done
Event: 7419.308 loading class io/confluent/ksql/cli/console/cmd/CliCmdUtil
Event: 7419.308 loading class io/confluent/ksql/cli/console/cmd/CliCmdUtil done


Dynamic libraries:
0x00007fff37477000 	/System/Library/Frameworks/Cocoa.framework/Versions/A/Cocoa
0x00007fff44a43000 	/System/Library/Frameworks/Security.framework/Versions/A/Security
0x00007fff36402000 	/System/Library/Frameworks/ApplicationServices.framework/Versions/A/ApplicationServices
0x00007fff6ec8f000 	/usr/lib/libz.1.dylib
0x00007fff6c762000 	/usr/lib/libSystem.B.dylib
0x00007fff6e5b3000 	/usr/lib/libobjc.A.dylib
0x00007fff383ed000 	/System/Library/Frameworks/CoreFoundation.framework/Versions/A/CoreFoundation
0x00007fff3aab2000 	/System/Library/Frameworks/Foundation.framework/Versions/C/Foundation
0x00007fff355f7000 	/System/Library/Frameworks/AppKit.framework/Versions/C/AppKit
0x00007fff37efa000 	/System/Library/Frameworks/CoreData.framework/Versions/A/CoreData
0x00007fff6900d000 	/System/Library/PrivateFrameworks/UIFoundation.framework/Versions/A/UIFoundation
0x00007fff637f8000 	/System/Library/PrivateFrameworks/RemoteViewServices.framework/Versions/A/RemoteViewServices
0x00007fff6ba9d000 	/System/Library/PrivateFrameworks/XCTTargetBootstrap.framework/Versions/A/XCTTargetBootstrap
0x00007fff382dd000 	/System/Library/Frameworks/CoreDisplay.framework/Versions/A/CoreDisplay
0x00007fff3d82a000 	/System/Library/Frameworks/Metal.framework/Versions/A/Metal
0x00007fff51c2f000 	/System/Library/PrivateFrameworks/DesktopServicesPriv.framework/Versions/A/DesktopServicesPriv
0x00007fff6d898000 	/usr/lib/liblangid.dylib
0x00007fff50d86000 	/System/Library/PrivateFrameworks/CoreSVG.framework/Versions/A/CoreSVG
0x00007fff665ba000 	/System/Library/PrivateFrameworks/SkyLight.framework/Versions/A/SkyLight
0x00007fff3886f000 	/System/Library/Frameworks/CoreGraphics.framework/Versions/A/CoreGraphics
0x00007fff34196000 	/System/Library/Frameworks/Accelerate.framework/Versions/A/Accelerate
0x00007fff6eb80000 	/usr/lib/libxml2.2.dylib
0x00007fff5c937000 	/System/Library/PrivateFrameworks/IconServices.framework/Versions/A/IconServices
0x00007fff3b296000 	/System/Library/Frameworks/IOSurface.framework/Versions/A/IOSurface
0x00007fff6c29a000 	/usr/lib/libDiagnosticMessagesClient.dylib
0x00007fff51aa8000 	/System/Library/PrivateFrameworks/DFRFoundation.framework/Versions/A/DFRFoundation
0x00007fff6d626000 	/usr/lib/libicucore.A.dylib
0x00007fff36734000 	/System/Library/Frameworks/AudioToolbox.framework/Versions/A/AudioToolbox
0x00007fff36816000 	/System/Library/Frameworks/AudioUnit.framework/Versions/A/AudioUnit
0x00007fff6c963000 	/usr/lib/libauto.dylib
0x00007fff51b29000 	/System/Library/PrivateFrameworks/DataDetectorsCore.framework/Versions/A/DataDetectorsCore
0x00007fff36f97000 	/System/Library/Frameworks/Carbon.framework/Versions/A/Frameworks/HIToolbox.framework/Versions/A/HIToolbox
0x00007fff43c75000 	/System/Library/Frameworks/QuartzCore.framework/Versions/A/QuartzCore
0x00007fff372d6000 	/System/Library/Frameworks/Carbon.framework/Versions/A/Frameworks/SpeechRecognition.framework/Versions/A/SpeechRecognition
0x00007fff5142e000 	/System/Library/PrivateFrameworks/CoreUI.framework/Versions/A/CoreUI
0x00007fff37960000 	/System/Library/Frameworks/CoreAudio.framework/Versions/A/CoreAudio
0x00007fff3a77a000 	/System/Library/Frameworks/DiskArbitration.framework/Versions/A/DiskArbitration
0x00007fff5e94b000 	/System/Library/PrivateFrameworks/MultitouchSupport.framework/Versions/A/MultitouchSupport
0x00007fff6d4ec000 	/usr/lib/libenergytrace.dylib
0x00007fff3b1f1000 	/System/Library/Frameworks/IOKit.framework/Versions/A/IOKit
0x00007fff397dd000 	/System/Library/Frameworks/CoreServices.framework/Versions/A/CoreServices
0x00007fff60a55000 	/System/Library/PrivateFrameworks/PerformanceAnalysis.framework/Versions/A/PerformanceAnalysis
0x00007fff42cab000 	/System/Library/Frameworks/OpenGL.framework/Versions/A/OpenGL
0x00007fff37485000 	/System/Library/Frameworks/ColorSync.framework/Versions/A/ColorSync
0x00007fff38ef6000 	/System/Library/Frameworks/CoreImage.framework/Versions/A/CoreImage
0x00007fff3a253000 	/System/Library/Frameworks/CoreText.framework/Versions/A/CoreText
0x00007fff3b31c000 	/System/Library/Frameworks/ImageIO.framework/Versions/A/ImageIO
0x00007fff6ca48000 	/usr/lib/libc++.1.dylib
0x00007fff6cac4000 	/usr/lib/libcompression.dylib
0x00007fff6c5dc000 	/usr/lib/libMobileGestalt.dylib
0x00007fff680ef000 	/System/Library/PrivateFrameworks/TextureIO.framework/Versions/A/TextureIO
0x00007fff6c8c9000 	/usr/lib/libate.dylib
0x00007fff5cb40000 	/System/Library/PrivateFrameworks/InternationalSupport.framework/Versions/A/InternationalSupport
0x00007fff6f705000 	/usr/lib/system/libcache.dylib
0x00007fff6f70b000 	/usr/lib/system/libcommonCrypto.dylib
0x00007fff6f717000 	/usr/lib/system/libcompiler_rt.dylib
0x00007fff6f71f000 	/usr/lib/system/libcopyfile.dylib
0x00007fff6f729000 	/usr/lib/system/libcorecrypto.dylib
0x00007fff6f8d7000 	/usr/lib/system/libdispatch.dylib
0x00007fff6f919000 	/usr/lib/system/libdyld.dylib
0x00007fff6f94f000 	/usr/lib/system/libkeymgr.dylib
0x00007fff6f95d000 	/usr/lib/system/liblaunch.dylib
0x00007fff6f95e000 	/usr/lib/system/libmacho.dylib
0x00007fff6f964000 	/usr/lib/system/libquarantine.dylib
0x00007fff6f967000 	/usr/lib/system/libremovefile.dylib
0x00007fff6f969000 	/usr/lib/system/libsystem_asl.dylib
0x00007fff6f981000 	/usr/lib/system/libsystem_blocks.dylib
0x00007fff6f982000 	/usr/lib/system/libsystem_c.dylib
0x00007fff6fa0a000 	/usr/lib/system/libsystem_configuration.dylib
0x00007fff6fa0e000 	/usr/lib/system/libsystem_coreservices.dylib
0x00007fff6fa12000 	/usr/lib/system/libsystem_darwin.dylib
0x00007fff6fa1b000 	/usr/lib/system/libsystem_dnssd.dylib
0x00007fff6fa23000 	/usr/lib/system/libsystem_featureflags.dylib
0x00007fff6fa25000 	/usr/lib/system/libsystem_info.dylib
0x00007fff6faa0000 	/usr/lib/system/libsystem_m.dylib
0x00007fff6fae8000 	/usr/lib/system/libsystem_malloc.dylib
0x00007fff6fb10000 	/usr/lib/system/libsystem_networkextension.dylib
0x00007fff6fb1e000 	/usr/lib/system/libsystem_notify.dylib
0x00007fff6fb3d000 	/usr/lib/system/libsystem_sandbox.dylib
0x00007fff6fb42000 	/usr/lib/system/libsystem_secinit.dylib
0x00007fff6fa73000 	/usr/lib/system/libsystem_kernel.dylib
0x00007fff6fb28000 	/usr/lib/system/libsystem_platform.dylib
0x00007fff6fb32000 	/usr/lib/system/libsystem_pthread.dylib
0x00007fff6fb45000 	/usr/lib/system/libsystem_symptoms.dylib
0x00007fff6fb4d000 	/usr/lib/system/libsystem_trace.dylib
0x00007fff6fb65000 	/usr/lib/system/libunwind.dylib
0x00007fff6fb6b000 	/usr/lib/system/libxpc.dylib
0x00007fff6ca9c000 	/usr/lib/libc++abi.dylib
0x00007fff6d89a000 	/usr/lib/liblzma.5.dylib
0x00007fff6d514000 	/usr/lib/libfakelink.dylib
0x00007fff6c856000 	/usr/lib/libarchive.2.dylib
0x00007fff45be3000 	/System/Library/Frameworks/SystemConfiguration.framework/Versions/A/SystemConfiguration
0x00007fff6c1cb000 	/usr/lib/libCRFSuite.dylib
0x00007fff36b8c000 	/System/Library/Frameworks/CFNetwork.framework/Versions/A/CFNetwork
0x00007fff6ca2a000 	/usr/lib/libbsm.0.dylib
0x00007fff6f950000 	/usr/lib/system/libkxld.dylib
0x00007fff4b56a000 	/System/Library/PrivateFrameworks/AppleFSCompression.framework/Versions/A/AppleFSCompression
0x00007fff6cdab000 	/usr/lib/libcoretls.dylib
0x00007fff6cdc2000 	/usr/lib/libcoretls_cfhelpers.dylib
0x00007fff6e5f7000 	/usr/lib/libpam.2.dylib
0x00007fff6e72a000 	/usr/lib/libsqlite3.dylib
0x00007fff6eb6d000 	/usr/lib/libxar.1.dylib
0x00007fff6ca3b000 	/usr/lib/libbz2.1.0.dylib
0x00007fff6d535000 	/usr/lib/libiconv.2.dylib
0x00007fff6cab1000 	/usr/lib/libcharset.1.dylib
0x00007fff6e09e000 	/usr/lib/libnetwork.dylib
0x00007fff6e5fe000 	/usr/lib/libpcap.A.dylib
0x00007fff6c80b000 	/usr/lib/libapple_nghttp2.dylib
0x00007fff39b94000 	/System/Library/Frameworks/CoreServices.framework/Versions/A/Frameworks/FSEvents.framework/Versions/A/FSEvents
0x00007fff39864000 	/System/Library/Frameworks/CoreServices.framework/Versions/A/Frameworks/CarbonCore.framework/Versions/A/CarbonCore
0x00007fff39dd7000 	/System/Library/Frameworks/CoreServices.framework/Versions/A/Frameworks/Metadata.framework/Versions/A/Metadata
0x00007fff39e70000 	/System/Library/Frameworks/CoreServices.framework/Versions/A/Frameworks/OSServices.framework/Versions/A/OSServices
0x00007fff39e9e000 	/System/Library/Frameworks/CoreServices.framework/Versions/A/Frameworks/SearchKit.framework/Versions/A/SearchKit
0x00007fff397de000 	/System/Library/Frameworks/CoreServices.framework/Versions/A/Frameworks/AE.framework/Versions/A/AE
0x00007fff39b9d000 	/System/Library/Frameworks/CoreServices.framework/Versions/A/Frameworks/LaunchServices.framework/Versions/A/LaunchServices
0x00007fff39b46000 	/System/Library/Frameworks/CoreServices.framework/Versions/A/Frameworks/DictionaryServices.framework/Versions/A/DictionaryServices
0x00007fff39f06000 	/System/Library/Frameworks/CoreServices.framework/Versions/A/Frameworks/SharedFileList.framework/Versions/A/SharedFileList
0x00007fff3eaff000 	/System/Library/Frameworks/NetFS.framework/Versions/A/NetFS
0x00007fff5ee78000 	/System/Library/PrivateFrameworks/NetAuth.framework/Versions/A/NetAuth
0x00007fff6be68000 	/System/Library/PrivateFrameworks/login.framework/Versions/A/Frameworks/loginsupport.framework/Versions/A/loginsupport
0x00007fff67bea000 	/System/Library/PrivateFrameworks/TCC.framework/Versions/A/TCC
0x00007fff50155000 	/System/Library/PrivateFrameworks/CoreNLP.framework/Versions/A/CoreNLP
0x00007fff5e37b000 	/System/Library/PrivateFrameworks/MetadataUtilities.framework/Versions/A/MetadataUtilities
0x00007fff6d972000 	/usr/lib/libmecabra.dylib
0x00007fff6d8ca000 	/usr/lib/libmecab.dylib
0x00007fff6d525000 	/usr/lib/libgermantok.dylib
0x00007fff6c7f2000 	/usr/lib/libThaiTokenizer.dylib
0x00007fff6c203000 	/usr/lib/libChineseTokenizer.dylib
0x00007fff341ae000 	/System/Library/Frameworks/Accelerate.framework/Versions/A/Frameworks/vImage.framework/Versions/A/vImage
0x00007fff35451000 	/System/Library/Frameworks/Accelerate.framework/Versions/A/Frameworks/vecLib.framework/Versions/A/vecLib
0x00007fff35395000 	/System/Library/Frameworks/Accelerate.framework/Versions/A/Frameworks/vecLib.framework/Versions/A/libvMisc.dylib
0x00007fff351bb000 	/System/Library/Frameworks/Accelerate.framework/Versions/A/Frameworks/vecLib.framework/Versions/A/libvDSP.dylib
0x00007fff3481a000 	/System/Library/Frameworks/Accelerate.framework/Versions/A/Frameworks/vecLib.framework/Versions/A/libBLAS.dylib
0x00007fff34d75000 	/System/Library/Frameworks/Accelerate.framework/Versions/A/Frameworks/vecLib.framework/Versions/A/libLAPACK.dylib
0x00007fff3511b000 	/System/Library/Frameworks/Accelerate.framework/Versions/A/Frameworks/vecLib.framework/Versions/A/libLinearAlgebra.dylib
0x00007fff351a8000 	/System/Library/Frameworks/Accelerate.framework/Versions/A/Frameworks/vecLib.framework/Versions/A/libSparseBLAS.dylib
0x00007fff35131000 	/System/Library/Frameworks/Accelerate.framework/Versions/A/Frameworks/vecLib.framework/Versions/A/libQuadrature.dylib
0x00007fff34a84000 	/System/Library/Frameworks/Accelerate.framework/Versions/A/Frameworks/vecLib.framework/Versions/A/libBNNS.dylib
0x00007fff35137000 	/System/Library/Frameworks/Accelerate.framework/Versions/A/Frameworks/vecLib.framework/Versions/A/libSparse.dylib
0x00007fff5ceff000 	/System/Library/PrivateFrameworks/LanguageModeling.framework/Versions/A/LanguageModeling
0x00007fff4faf1000 	/System/Library/PrivateFrameworks/CoreEmoji.framework/Versions/A/CoreEmoji
0x00007fff5d01d000 	/System/Library/PrivateFrameworks/LinguisticData.framework/Versions/A/LinguisticData
0x00007fff5cfce000 	/System/Library/PrivateFrameworks/Lexicon.framework/Versions/A/Lexicon
0x00007fff6cab2000 	/usr/lib/libcmph.dylib
0x00007fff416d1000 	/System/Library/Frameworks/OpenDirectory.framework/Versions/A/Frameworks/CFOpenDirectory.framework/Versions/A/CFOpenDirectory
0x00007fff416ee000 	/System/Library/Frameworks/OpenDirectory.framework/Versions/A/OpenDirectory
0x00007fff499bc000 	/System/Library/PrivateFrameworks/APFS.framework/Versions/A/APFS
0x00007fff44d96000 	/System/Library/Frameworks/SecurityFoundation.framework/Versions/A/SecurityFoundation
0x00007fff6eb69000 	/usr/lib/libutil.dylib
0x00007fff50dde000 	/System/Library/PrivateFrameworks/CoreServicesStore.framework/Versions/A/CoreServicesStore
0x00007fff44e4e000 	/System/Library/Frameworks/ServiceManagement.framework/Versions/A/ServiceManagement
0x00007fff4cd21000 	/System/Library/PrivateFrameworks/BackgroundTaskManagement.framework/Versions/A/BackgroundTaskManagement
0x00007fff6ec66000 	/usr/lib/libxslt.1.dylib
0x00007fff4bbcf000 	/System/Library/PrivateFrameworks/AppleSystemInfo.framework/Versions/A/AppleSystemInfo
0x00007fff3b539000 	/System/Library/Frameworks/ImageIO.framework/Versions/A/Resources/libJPEG.dylib
0x00007fff3b7f8000 	/System/Library/Frameworks/ImageIO.framework/Versions/A/Resources/libTIFF.dylib
0x00007fff3b7db000 	/System/Library/Frameworks/ImageIO.framework/Versions/A/Resources/libPng.dylib
0x00007fff3b47a000 	/System/Library/Frameworks/ImageIO.framework/Versions/A/Resources/libGIF.dylib
0x00007fff3b47e000 	/System/Library/Frameworks/ImageIO.framework/Versions/A/Resources/libJP2.dylib
0x00007fff3b7f6000 	/System/Library/Frameworks/ImageIO.framework/Versions/A/Resources/libRadiance.dylib
0x00007fff6d4ed000 	/usr/lib/libexpat.1.dylib
0x00007fff4b6c5000 	/System/Library/PrivateFrameworks/AppleJPEG.framework/Versions/A/AppleJPEG
0x00007fff54035000 	/System/Library/PrivateFrameworks/FontServices.framework/libFontParser.dylib
0x00007fff6aebf000 	/System/Library/PrivateFrameworks/WatchdogClient.framework/Versions/A/WatchdogClient
0x00007fff5c58c000 	/System/Library/PrivateFrameworks/IOAccelerator.framework/Versions/A/IOAccelerator
0x00007fff3dbb8000 	/System/Library/Frameworks/MetalPerformanceShaders.framework/Versions/A/MetalPerformanceShaders
0x00007fff58d83000 	/System/Library/PrivateFrameworks/GPUWrangler.framework/Versions/A/GPUWrangler
0x00007fff5c597000 	/System/Library/PrivateFrameworks/IOPresentment.framework/Versions/A/IOPresentment
0x00007fff51abb000 	/System/Library/PrivateFrameworks/DSExternalDisplay.framework/Versions/A/DSExternalDisplay
0x00007fff42057000 	/System/Library/Frameworks/OpenGL.framework/Versions/A/Libraries/libCoreFSCache.dylib
0x00007fff3d90a000 	/System/Library/Frameworks/MetalPerformanceShaders.framework/Frameworks/MPSCore.framework/Versions/A/MPSCore
0x00007fff3d947000 	/System/Library/Frameworks/MetalPerformanceShaders.framework/Frameworks/MPSImage.framework/Versions/A/MPSImage
0x00007fff3da09000 	/System/Library/Frameworks/MetalPerformanceShaders.framework/Frameworks/MPSNeuralNetwork.framework/Versions/A/MPSNeuralNetwork
0x00007fff3d9ce000 	/System/Library/Frameworks/MetalPerformanceShaders.framework/Frameworks/MPSMatrix.framework/Versions/A/MPSMatrix
0x00007fff3db69000 	/System/Library/Frameworks/MetalPerformanceShaders.framework/Frameworks/MPSRayIntersector.framework/Versions/A/MPSRayIntersector
0x00007fff3d9f3000 	/System/Library/Frameworks/MetalPerformanceShaders.framework/Frameworks/MPSNDArray.framework/Versions/A/MPSNDArray
0x00007fff5e3c8000 	/System/Library/PrivateFrameworks/MetalTools.framework/Versions/A/MetalTools
0x00007fff4ab73000 	/System/Library/PrivateFrameworks/AggregateDictionary.framework/Versions/A/AggregateDictionary
0x00007fff4f57b000 	/System/Library/PrivateFrameworks/CoreAnalytics.framework/Versions/A/CoreAnalytics
0x00007fff4baed000 	/System/Library/PrivateFrameworks/AppleSauce.framework/Versions/A/AppleSauce
0x00007fff6c4bf000 	/usr/lib/libIOReport.dylib
0x00007fff3a408000 	/System/Library/Frameworks/CoreVideo.framework/Versions/A/CoreVideo
0x00007fff5a1ef000 	/System/Library/PrivateFrameworks/GraphVisualizer.framework/Versions/A/GraphVisualizer
0x00007fff535b6000 	/System/Library/PrivateFrameworks/FaceCore.framework/Versions/A/FaceCore
0x00007fff41678000 	/System/Library/Frameworks/OpenCL.framework/Versions/A/OpenCL
0x00007fff6c2e1000 	/usr/lib/libFosl_dynamic.dylib
0x00007fff5f873000 	/System/Library/PrivateFrameworks/OTSVG.framework/Versions/A/OTSVG
0x00007fff36507000 	/System/Library/Frameworks/ApplicationServices.framework/Versions/A/Frameworks/ATS.framework/Versions/A/Resources/libFontRegistry.dylib
0x00007fff54206000 	/System/Library/PrivateFrameworks/FontServices.framework/libhvf.dylib
0x00007fff42062000 	/System/Library/Frameworks/OpenGL.framework/Versions/A/Libraries/libGFXShared.dylib
0x00007fff4223f000 	/System/Library/Frameworks/OpenGL.framework/Versions/A/Libraries/libGLU.dylib
0x00007fff4206b000 	/System/Library/Frameworks/OpenGL.framework/Versions/A/Libraries/libGL.dylib
0x00007fff42076000 	/System/Library/Frameworks/OpenGL.framework/Versions/A/Libraries/libGLImage.dylib
0x00007fff42054000 	/System/Library/Frameworks/OpenGL.framework/Versions/A/Libraries/libCVMSPluginSupport.dylib
0x00007fff4205d000 	/System/Library/Frameworks/OpenGL.framework/Versions/A/Libraries/libCoreVMClient.dylib
0x00007fff6df40000 	/usr/lib/libncurses.5.4.dylib
0x00007fff36403000 	/System/Library/Frameworks/ApplicationServices.framework/Versions/A/Frameworks/ATS.framework/Versions/A/ATS
0x00007fff365d0000 	/System/Library/Frameworks/ApplicationServices.framework/Versions/A/Frameworks/ColorSyncLegacy.framework/Versions/A/ColorSyncLegacy
0x00007fff3666f000 	/System/Library/Frameworks/ApplicationServices.framework/Versions/A/Frameworks/HIServices.framework/Versions/A/HIServices
0x00007fff366c6000 	/System/Library/Frameworks/ApplicationServices.framework/Versions/A/Frameworks/LangAnalysis.framework/Versions/A/LangAnalysis
0x00007fff366d5000 	/System/Library/Frameworks/ApplicationServices.framework/Versions/A/Frameworks/PrintCore.framework/Versions/A/PrintCore
0x00007fff3671b000 	/System/Library/Frameworks/ApplicationServices.framework/Versions/A/Frameworks/QD.framework/Versions/A/QD
0x00007fff36726000 	/System/Library/Frameworks/ApplicationServices.framework/Versions/A/Frameworks/SpeechSynthesis.framework/Versions/A/SpeechSynthesis
0x00007fff365a0000 	/System/Library/Frameworks/ApplicationServices.framework/Versions/A/Frameworks/ATSUI.framework/Versions/A/ATSUI
0x00007fff6d381000 	/usr/lib/libcups.2.dylib
0x00007fff3cc67000 	/System/Library/Frameworks/Kerberos.framework/Versions/A/Kerberos
0x00007fff3aee7000 	/System/Library/Frameworks/GSS.framework/Versions/A/GSS
0x00007fff6e6b6000 	/usr/lib/libresolv.9.dylib
0x00007fff5a390000 	/System/Library/PrivateFrameworks/Heimdal.framework/Versions/A/Heimdal
0x00007fff3cc7a000 	/System/Library/Frameworks/Kerberos.framework/Versions/A/Libraries/libHeimdalProxy.dylib
0x00007fff6d52b000 	/usr/lib/libheimdal-asn1.dylib
0x00007fff4ea21000 	/System/Library/PrivateFrameworks/CommonAuth.framework/Versions/A/CommonAuth
0x00007fff4bc6c000 	/System/Library/PrivateFrameworks/AssertionServices.framework/Versions/A/AssertionServices
0x00007fff4c80f000 	/System/Library/PrivateFrameworks/AudioToolboxCore.framework/Versions/A/AudioToolboxCore
0x00007fff6bb19000 	/System/Library/PrivateFrameworks/caulk.framework/Versions/A/caulk
0x00007fff4cdcd000 	/System/Library/PrivateFrameworks/BaseBoard.framework/Versions/A/BaseBoard
0x00007fff63987000 	/System/Library/PrivateFrameworks/RunningBoardServices.framework/Versions/A/RunningBoardServices
0x00007fff60a61000 	/System/Library/PrivateFrameworks/PersistentConnection.framework/Versions/A/PersistentConnection
0x00007fff633d6000 	/System/Library/PrivateFrameworks/ProtocolBuffer.framework/Versions/A/ProtocolBuffer
0x00007fff4ea46000 	/System/Library/PrivateFrameworks/CommonUtilities.framework/Versions/A/CommonUtilities
0x00007fff4cf50000 	/System/Library/PrivateFrameworks/Bom.framework/Versions/A/Bom
0x00007fff6c18e000 	/usr/lib/libAudioToolboxUtility.dylib
0x00007fff4cd2b000 	/System/Library/PrivateFrameworks/Backup.framework/Versions/A/Backup
0x00007fff5182b000 	/System/Library/PrivateFrameworks/CrashReporterSupport.framework/Versions/A/CrashReporterSupport
0x00007fff6547e000 	/System/Library/PrivateFrameworks/Sharing.framework/Versions/A/Sharing
0x00007fff4b410000 	/System/Library/PrivateFrameworks/Apple80211.framework/Versions/A/Apple80211
0x00007fff4ca4d000 	/System/Library/PrivateFrameworks/AuthKit.framework/Versions/A/AuthKit
0x00007fff5155b000 	/System/Library/PrivateFrameworks/CoreUtils.framework/Versions/A/CoreUtils
0x00007fff3a44d000 	/System/Library/Frameworks/CoreWLAN.framework/Versions/A/CoreWLAN
0x00007fff3b072000 	/System/Library/Frameworks/IOBluetooth.framework/Versions/A/IOBluetooth
0x00007fff5e6c6000 	/System/Library/PrivateFrameworks/MobileKeyBag.framework/Versions/A/MobileKeyBag
0x00007fff50631000 	/System/Library/PrivateFrameworks/CorePhoneNumbers.framework/Versions/A/CorePhoneNumbers
0x00007fff4b678000 	/System/Library/PrivateFrameworks/AppleIDAuthSupport.framework/Versions/A/AppleIDAuthSupport
0x00007fff3eb0c000 	/System/Library/Frameworks/Network.framework/Versions/A/Network
0x00007fff5cd87000 	/System/Library/PrivateFrameworks/KeychainCircle.framework/Versions/A/KeychainCircle
0x00007fff37ec2000 	/System/Library/Frameworks/CoreBluetooth.framework/Versions/A/CoreBluetooth
0x00007fff670fa000 	/System/Library/PrivateFrameworks/SpeechRecognitionCore.framework/Versions/A/SpeechRecognitionCore
0x0000000109800000 	/Library/Java/JavaVirtualMachines/jdk1.8.0_221.jdk/Contents/Home/jre/lib/server/libjvm.dylib
0x00007fff6ea3b000 	/usr/lib/libstdc++.6.dylib
0x0000000107e09000 	/Library/Java/JavaVirtualMachines/jdk1.8.0_221.jdk/Contents/Home/jre/lib/libverify.dylib
0x0000000107e17000 	/Library/Java/JavaVirtualMachines/jdk1.8.0_221.jdk/Contents/Home/jre/lib/libjava.dylib
0x0000000107e56000 	/Library/Java/JavaVirtualMachines/jdk1.8.0_221.jdk/Contents/Home/jre/lib/libzip.dylib
0x0000000107ed0000 	/Library/Java/JavaVirtualMachines/jdk1.8.0_221.jdk/Contents/Home/jre/lib/libnet.dylib
0x0000000107ee7000 	/Library/Java/JavaVirtualMachines/jdk1.8.0_221.jdk/Contents/Home/jre/lib/libmanagement.dylib
0x0000000107ef5000 	/Library/Java/JavaVirtualMachines/jdk1.8.0_221.jdk/Contents/Home/jre/lib/libnio.dylib
0x00000001222a6000 	/private/var/folders/lr/p50h83hj6h98w8_rj05lkt680000gn/T/snappy-1.1.7-4d2c8639-0163-412b-9bbb-a78c5c61f581-libsnappyjava.jnilib
0x00000001224b6000 	/Library/Java/JavaVirtualMachines/jdk1.8.0_221.jdk/Contents/Home/jre/lib/libsunec.dylib
0x00007fff6eb0d000 	/usr/lib/libusrtcp.dylib

VM Arguments:
jvm_args: -Xmx3g -XX:+UseConcMarkSweepGC -XX:+CMSClassUnloadingEnabled -XX:+CMSScavengeBeforeRemark -XX:+ExplicitGCInvokesConcurrent -XX:NewRatio=1 -Djava.awt.headless=true -Dcom.sun.management.jmxremote -Dcom.sun.management.jmxremote.authenticate=false -Dcom.sun.management.jmxremote.ssl=false -Dksql.log.dir=/Users/tfox/projects/ksql/logs -Dlog4j.configuration=file:/Users/tfox/projects/ksql/config/log4j-file.properties 
java_command: io.confluent.ksql.Ksql --user user1 --password user1 http://localhost:8088
java_class_path (initial): :/Users/tfox/projects/ksql/ksqldb-examples/target/ksqldb-examples-6.0.0-SNAPSHOT-development/share/java/ksqldb-examples/ksqldb-common-6.0.0-SNAPSHOT.jar:/Users/tfox/projects/ksql/ksqldb-examples/target/ksqldb-examples-6.0.0-SNAPSHOT-development/share/java/ksqldb-examples/netty-transport-4.1.42.Final.jar:/Users/tfox/projects/ksql/ksqldb-examples/target/ksqldb-examples-6.0.0-SNAPSHOT-development/share/java/ksqldb-examples/gson-2.8.5.jar:/Users/tfox/projects/ksql/ksqldb-examples/target/ksqldb-examples-6.0.0-SNAPSHOT-development/share/java/ksqldb-examples/jakarta.xml.bind-api-2.3.2.jar:/Users/tfox/projects/ksql/ksqldb-examples/target/ksqldb-examples-6.0.0-SNAPSHOT-development/share/java/ksqldb-examples/commons-csv-1.4.jar:/Users/tfox/projects/ksql/ksqldb-examples/target/ksqldb-examples-6.0.0-SNAPSHOT-development/share/java/ksqldb-examples/commons-logging-1.2.jar:/Users/tfox/projects/ksql/ksqldb-examples/target/ksqldb-examples-6.0.0-SNAPSHOT-development/share/java/ksqldb-examples/kotlinx-coroutines-core-1.1.1.jar:/Users/tfox/projects/ksql/ksqldb-examples/target/ksqldb-examples-6.0.0-SNAPSHOT-development/share/java/ksqldb-examples/ksqldb-serde-6.0.0-SNAPSHOT.jar:/Users/tfox/projects/ksql/ksqldb-examples/target/ksqldb-examples-6.0.0-SNAPSHOT-development/share/java/ksqldb-examples/netty-common-4.1.42.Final.jar:/Users/tfox/projects/ksql/ksqldb-examples/target/ksqldb-examples-6.0.0-SNAPSHOT-development/share/java/ksqldb-examples/wire-schema-3.1.0.jar:/Users/tfox/projects/ksql/ksqldb-examples/target/ksqldb-examples-6.0.0-SNAPSHOT-development/share/java/ksqldb-examples/kotlin-reflect-1.3.50.jar:/Users/tfox/projects/ksql/ksqldb-examples/target/ksqldb-examples-6.0.0-SNAPSHOT-development/share/java/ksqldb-examples/netty-codec-dns-4.1.42.Final.jar:/Users/tfox/projects/ksql/ksqldb-examples/target/ksqldb-examples-6.0.0-SNAPSHOT-development/share/java/ksqldb-examples/protobuf-java-3.11.1.jar:/Users/tfox/projects/ksql/ksqldb-examples/target/ksqldb-examples-
Launcher Type: SUN_STANDARD

Environment Variables:
JAVA_HOME=/Library/Java/JavaVirtualMachines/jdk1.8.0_221.jdk/Contents/Home
PATH=/Library/PostgreSQL/12/bin:/Users/tfox/sqlite-tools-osx-x86-3300100:/Users/tfox/Library/Python/3.7/bin:/Users/tfox/scripts:/Users/tfox/projects/confluent-5.4.1/bin:/Library/PostgreSQL/12/bin:/Users/tfox/sqlite-tools-osx-x86-3300100:/Users/tfox/Library/Python/3.7/bin:/Users/tfox/scripts:/Users/tfox/projects/confluent-5.3.0/bin:/usr/local/bin:/usr/bin:/bin:/usr/sbin:/sbin
SHELL=/bin/bash

Signal Handlers:
SIGSEGV: [libjvm.dylib+0x5b71a7], sa_mask[0]=11111111011111110111111111111111, sa_flags=SA_ONSTACK|SA_RESTART|SA_SIGINFO
SIGBUS: [libjvm.dylib+0x5b71a7], sa_mask[0]=11111111011111110111111111111111, sa_flags=SA_RESTART|SA_SIGINFO
SIGFPE: [libjvm.dylib+0x48c8fc], sa_mask[0]=11111111011111110111111111111111, sa_flags=SA_RESTART|SA_SIGINFO
SIGPIPE: [libjvm.dylib+0x48c8fc], sa_mask[0]=11111111011111110111111111111111, sa_flags=SA_RESTART|SA_SIGINFO
SIGXFSZ: [libjvm.dylib+0x48c8fc], sa_mask[0]=11111111011111110111111111111111, sa_flags=SA_RESTART|SA_SIGINFO
SIGILL: [libjvm.dylib+0x48c8fc], sa_mask[0]=11111111011111110111111111111111, sa_flags=SA_RESTART|SA_SIGINFO
SIGUSR1: SIG_DFL, sa_mask[0]=11011111011111100000000111000110, sa_flags=none
SIGUSR2: [libjvm.dylib+0x48c41a], sa_mask[0]=00000000000000000000000000000000, sa_flags=SA_RESTART|SA_SIGINFO
SIGHUP: [libjvm.dylib+0x48a9a5], sa_mask[0]=11111111011111110111111111111111, sa_flags=SA_RESTART|SA_SIGINFO
SIGINT: [libjvm.dylib+0x48a9a5], sa_mask[0]=11111111011111110111111111111111, sa_flags=SA_RESTART|SA_SIGINFO
SIGTERM: [libjvm.dylib+0x48a9a5], sa_mask[0]=11111111011111110111111111111111, sa_flags=SA_RESTART|SA_SIGINFO
SIGQUIT: [libjvm.dylib+0x48a9a5], sa_mask[0]=11111111011111110111111111111111, sa_flags=SA_RESTART|SA_SIGINFO


---------------  S Y S T E M  ---------------

OS:Bsduname:Darwin 19.2.0 Darwin Kernel Version 19.2.0: Sat Nov  9 03:47:04 PST 2019; root:xnu-6153.61.1~20/RELEASE_X86_64 x86_64
rlimit: STACK 8192k, CORE 0k, NPROC 5568, NOFILE 10240, AS infinity
load average:2.64 3.24 2.99

CPU:total 12 (initial active 12) (6 cores per cpu, 2 threads per core) family 6 model 158 stepping 10, cmov, cx8, fxsr, mmx, sse, sse2, sse3, ssse3, sse4.1, sse4.2, popcnt, avx, avx2, aes, clmul, erms, rtm, 3dnowpref, lzcnt, ht, tsc, tscinvbit, bmi1, bmi2, adx

Memory: 4k page, physical 33554432k(1179600k free)

/proc/meminfo:


vm_info: Java HotSpot(TM) 64-Bit Server VM (25.221-b11) for bsd-amd64 JRE (1.8.0_221-b11), built on Jul  4 2019 04:36:22 by "java_re" with gcc 4.2.1 (Based on Apple Inc. build 5658) (LLVM build 2336.11.00)

time: Thu Mar 19 09:28:29 2020
timezone: GMT
elapsed time: 7419 seconds (0d 2h 3m 39s)

