[2019-06-14 15:05:35,725] WARN Writing to metrics Kafka topic will be disabled (io.confluent.support.metrics.PhoneHomeConfig:61)
[2019-06-14 15:05:35,728] WARN Enforcing customer ID 'anonymous' (io.confluent.support.metrics.PhoneHomeConfig:66)
[2019-06-14 15:05:35,788] WARN Please note that the version check feature of KSQL is enabled.  With this enabled, this instance is configured to collect and report anonymously the version information to Confluent, Inc. ("Confluent") or its parent, subsidiaries, affiliates or service providers every 24hours.  This Metadata may be transferred to any country in which Confluent maintains facilities.  For a more in depth discussion of how Confluent processes such information, please read our Privacy Policy located at http://www.confluent.io/privacy. By proceeding with `confluent.support.metrics.enable=true`, you agree to all such collection, transfer and use of Version information by Confluent. You can turn the version check  feature off by setting `confluent.support.metrics.enable=false` in the KSQL configuration and restarting the KSQL.  See the Confluent Platform documentation for further information. (io.confluent.ksql.version.metrics.KsqlVersionCheckerAgent:90)
[2019-06-14 15:05:36,793] ERROR Failed to submit metrics via secure endpoint, falling back to insecure endpoint (io.confluent.support.metrics.submitters.ConfluentSubmitter:132)
[2019-06-14 15:05:36,855] ERROR Failed to submit metrics to Confluent via insecure endpoint=http://version-check.confluent.io/ksql/anon -- giving up (io.confluent.support.metrics.submitters.ConfluentSubmitter:162)
[2019-06-14 15:05:49,334] ERROR Invalid config variable in the WITH clause: PARTITIONS
 (io.confluent.ksql.cli.console.Console:275)
[2019-06-14 15:05:52,341] ERROR Invalid config variable in the WITH clause: PARTITIONS
 (io.confluent.ksql.cli.console.Console:275)
[2019-06-14 15:10:54,478] ERROR line 1:34: missing ')' at ','
 (io.confluent.ksql.cli.console.Console:275)
[2019-06-14 15:11:13,661] ERROR io.confluent.ksql.parser.tree.Values cannot be cast to io.confluent.ksql.parser.tree.QuerySpecification
 (io.confluent.ksql.cli.console.Console:275)
[2019-06-14 15:16:09,339] ERROR Expected a value for each column. Expected Columns: [ROWKEY, VIEWTIME, USERID, PAGEID]. Got [100, 'bob', 'joe']
io.confluent.ksql.rest.server.execution.InsertValuesExecutor.implicitColumns(InsertValuesExecutor.java:191)
io.confluent.ksql.rest.server.execution.InsertValuesExecutor.extractRow(InsertValuesExecutor.java:146)
io.confluent.ksql.rest.server.execution.InsertValuesExecutor.execute(InsertValuesExecutor.java:106)
io.confluent.ksql.rest.server.validation.CustomValidators.validate(CustomValidators.java:110)
io.confluent.ksql.rest.server.validation.RequestValidator.validate(RequestValidator.java:143)
io.confluent.ksql.rest.server.validation.RequestValidator.validate(RequestValidator.java:115)
io.confluent.ksql.rest.server.resources.KsqlResource.handleKsqlStatements(KsqlResource.java:163)
sun.reflect.NativeMethodAccessorImpl.invoke0(Native Method)
sun.reflect.NativeMethodAccessorImpl.invoke(NativeMethodAccessorImpl.java:62)
sun.reflect.DelegatingMethodAccessorImpl.invoke(DelegatingMethodAccessorImpl.java:43)
java.lang.reflect.Method.invoke(Method.java:498)
org.glassfish.jersey.server.model.internal.ResourceMethodInvocationHandlerFactory.lambda$static$0(ResourceMethodInvocationHandlerFactory.java:76)
org.glassfish.jersey.server.model.internal.AbstractJavaResourceMethodDispatcher$1.run(AbstractJavaResourceMethodDispatcher.java:148)
org.glassfish.jersey.server.model.internal.AbstractJavaResourceMethodDispatcher.invoke(AbstractJavaResourceMethodDispatcher.java:191)
org.glassfish.jersey.server.model.internal.JavaResourceMethodDispatcherProvider$ResponseOutInvoker.doDispatch(JavaResourceMethodDispatcherProvider.java:200)
org.glassfish.jersey.server.model.internal.AbstractJavaResourceMethodDispatcher.dispatch(AbstractJavaResourceMethodDispatcher.java:103)
org.glassfish.jersey.server.model.ResourceMethodInvoker.invoke(ResourceMethodInvoker.java:493)
org.glassfish.jersey.server.model.ResourceMethodInvoker.apply(ResourceMethodInvoker.java:415)
org.glassfish.jersey.server.model.ResourceMethodInvoker.apply(ResourceMethodInvoker.java:104)
org.glassfish.jersey.server.ServerRuntime$1.run(ServerRuntime.java:277)
org.glassfish.jersey.internal.Errors$1.call(Errors.java:272)
org.glassfish.jersey.internal.Errors$1.call(Errors.java:268)
org.glassfish.jersey.internal.Errors.process(Errors.java:316)
org.glassfish.jersey.internal.Errors.process(Errors.java:298)
org.glassfish.jersey.internal.Errors.process(Errors.java:268)
org.glassfish.jersey.process.internal.RequestScope.runInScope(RequestScope.java:289)
org.glassfish.jersey.server.ServerRuntime.process(ServerRuntime.java:256)
org.glassfish.jersey.server.ApplicationHandler.handle(ApplicationHandler.java:703)
org.glassfish.jersey.servlet.WebComponent.serviceImpl(WebComponent.java:416)
org.glassfish.jersey.servlet.ServletContainer.serviceImpl(ServletContainer.java:409)
org.glassfish.jersey.servlet.ServletContainer.doFilter(ServletContainer.java:584)
org.glassfish.jersey.servlet.ServletContainer.doFilter(ServletContainer.java:525)
org.glassfish.jersey.servlet.ServletContainer.doFilter(ServletContainer.java:462)
org.eclipse.jetty.servlet.ServletHandler$CachedChain.doFilter(ServletHandler.java:1610)
org.eclipse.jetty.servlet.ServletHandler.doHandle(ServletHandler.java:540)
org.eclipse.jetty.server.handler.ScopedHandler.nextHandle(ScopedHandler.java:255)
org.eclipse.jetty.server.session.SessionHandler.doHandle(SessionHandler.java:1700)
org.eclipse.jetty.server.handler.ScopedHandler.nextHandle(ScopedHandler.java:255)
org.eclipse.jetty.server.handler.ContextHandler.doHandle(ContextHandler.java:1345)
org.eclipse.jetty.server.handler.ScopedHandler.nextScope(ScopedHandler.java:203)
org.eclipse.jetty.servlet.ServletHandler.doScope(ServletHandler.java:480)
org.eclipse.jetty.server.session.SessionHandler.doScope(SessionHandler.java:1667)
org.eclipse.jetty.server.handler.ScopedHandler.nextScope(ScopedHandler.java:201)
org.eclipse.jetty.server.handler.ContextHandler.doScope(ContextHandler.java:1247)
org.eclipse.jetty.server.handler.ScopedHandler.handle(ScopedHandler.java:144)
org.eclipse.jetty.server.handler.HandlerCollection.handle(HandlerCollection.java:152)
org.eclipse.jetty.server.handler.StatisticsHandler.handle(StatisticsHandler.java:174)
org.eclipse.jetty.server.handler.ContextHandlerCollection.handle(ContextHandlerCollection.java:220)
org.eclipse.jetty.server.handler.gzip.GzipHandler.handle(GzipHandler.java:753)
org.eclipse.jetty.server.handler.HandlerWrapper.handle(HandlerWrapper.java:132)
org.eclipse.jetty.server.Server.handle(Server.java:505)
org.eclipse.jetty.server.HttpChannel.handle(HttpChannel.java:370)
org.eclipse.jetty.server.HttpConnection.onFillable(HttpConnection.java:267)
org.eclipse.jetty.io.AbstractConnection$ReadCallback.succeeded(AbstractConnection.java:305)
org.eclipse.jetty.io.FillInterest.fillable(FillInterest.java:103)
org.eclipse.jetty.io.ChannelEndPoint$2.run(ChannelEndPoint.java:117)
org.eclipse.jetty.util.thread.strategy.EatWhatYouKill.runTask(EatWhatYouKill.java:333)
org.eclipse.jetty.util.thread.strategy.EatWhatYouKill.doProduce(EatWhatYouKill.java:310)
org.eclipse.jetty.util.thread.strategy.EatWhatYouKill.tryProduce(EatWhatYouKill.java:168)
org.eclipse.jetty.util.thread.strategy.EatWhatYouKill.run(EatWhatYouKill.java:126)
org.eclipse.jetty.util.thread.ReservedThreadExecutor$ReservedThread.run(ReservedThreadExecutor.java:366)
org.eclipse.jetty.util.thread.QueuedThreadPool.runJob(QueuedThreadPool.java:698)
org.eclipse.jetty.util.thread.QueuedThreadPool$Runner.run(QueuedThreadPool.java:804)
java.lang.Thread.run(Thread.java:748)
 (io.confluent.ksql.cli.console.Console:275)
[2019-06-14 15:16:25,265] ERROR java.lang.NullPointerException
io.confluent.ksql.schema.ksql.DefaultSqlValueCoercer.coerce(DefaultSqlValueCoercer.java:44)
io.confluent.ksql.rest.server.execution.InsertValuesExecutor$ExpressionResolver.visitLiteral(InsertValuesExecutor.java:327)
io.confluent.ksql.rest.server.execution.InsertValuesExecutor$ExpressionResolver.visitLiteral(InsertValuesExecutor.java:303)
io.confluent.ksql.parser.tree.AstVisitor.visitIntegerLiteral(AstVisitor.java:184)
io.confluent.ksql.parser.tree.IntegerLiteral.accept(IntegerLiteral.java:43)
io.confluent.ksql.parser.tree.AstVisitor.process(AstVisitor.java:23)
io.confluent.ksql.rest.server.execution.InsertValuesExecutor.resolveValues(InsertValuesExecutor.java:215)
io.confluent.ksql.rest.server.execution.InsertValuesExecutor.extractRow(InsertValuesExecutor.java:151)
io.confluent.ksql.rest.server.execution.InsertValuesExecutor.execute(InsertValuesExecutor.java:106)
io.confluent.ksql.rest.server.validation.CustomValidators.validate(CustomValidators.java:110)
io.confluent.ksql.rest.server.validation.RequestValidator.validate(RequestValidator.java:143)
io.confluent.ksql.rest.server.validation.RequestValidator.validate(RequestValidator.java:115)
io.confluent.ksql.rest.server.resources.KsqlResource.handleKsqlStatements(KsqlResource.java:163)
sun.reflect.NativeMethodAccessorImpl.invoke0(Native Method)
sun.reflect.NativeMethodAccessorImpl.invoke(NativeMethodAccessorImpl.java:62)
sun.reflect.DelegatingMethodAccessorImpl.invoke(DelegatingMethodAccessorImpl.java:43)
java.lang.reflect.Method.invoke(Method.java:498)
org.glassfish.jersey.server.model.internal.ResourceMethodInvocationHandlerFactory.lambda$static$0(ResourceMethodInvocationHandlerFactory.java:76)
org.glassfish.jersey.server.model.internal.AbstractJavaResourceMethodDispatcher$1.run(AbstractJavaResourceMethodDispatcher.java:148)
org.glassfish.jersey.server.model.internal.AbstractJavaResourceMethodDispatcher.invoke(AbstractJavaResourceMethodDispatcher.java:191)
org.glassfish.jersey.server.model.internal.JavaResourceMethodDispatcherProvider$ResponseOutInvoker.doDispatch(JavaResourceMethodDispatcherProvider.java:200)
org.glassfish.jersey.server.model.internal.AbstractJavaResourceMethodDispatcher.dispatch(AbstractJavaResourceMethodDispatcher.java:103)
org.glassfish.jersey.server.model.ResourceMethodInvoker.invoke(ResourceMethodInvoker.java:493)
org.glassfish.jersey.server.model.ResourceMethodInvoker.apply(ResourceMethodInvoker.java:415)
org.glassfish.jersey.server.model.ResourceMethodInvoker.apply(ResourceMethodInvoker.java:104)
org.glassfish.jersey.server.ServerRuntime$1.run(ServerRuntime.java:277)
org.glassfish.jersey.internal.Errors$1.call(Errors.java:272)
org.glassfish.jersey.internal.Errors$1.call(Errors.java:268)
org.glassfish.jersey.internal.Errors.process(Errors.java:316)
org.glassfish.jersey.internal.Errors.process(Errors.java:298)
org.glassfish.jersey.internal.Errors.process(Errors.java:268)
org.glassfish.jersey.process.internal.RequestScope.runInScope(RequestScope.java:289)
org.glassfish.jersey.server.ServerRuntime.process(ServerRuntime.java:256)
org.glassfish.jersey.server.ApplicationHandler.handle(ApplicationHandler.java:703)
org.glassfish.jersey.servlet.WebComponent.serviceImpl(WebComponent.java:416)
org.glassfish.jersey.servlet.ServletContainer.serviceImpl(ServletContainer.java:409)
org.glassfish.jersey.servlet.ServletContainer.doFilter(ServletContainer.java:584)
org.glassfish.jersey.servlet.ServletContainer.doFilter(ServletContainer.java:525)
org.glassfish.jersey.servlet.ServletContainer.doFilter(ServletContainer.java:462)
org.eclipse.jetty.servlet.ServletHandler$CachedChain.doFilter(ServletHandler.java:1610)
org.eclipse.jetty.servlet.ServletHandler.doHandle(ServletHandler.java:540)
org.eclipse.jetty.server.handler.ScopedHandler.nextHandle(ScopedHandler.java:255)
org.eclipse.jetty.server.session.SessionHandler.doHandle(SessionHandler.java:1700)
org.eclipse.jetty.server.handler.ScopedHandler.nextHandle(ScopedHandler.java:255)
org.eclipse.jetty.server.handler.ContextHandler.doHandle(ContextHandler.java:1345)
org.eclipse.jetty.server.handler.ScopedHandler.nextScope(ScopedHandler.java:203)
org.eclipse.jetty.servlet.ServletHandler.doScope(ServletHandler.java:480)
org.eclipse.jetty.server.session.SessionHandler.doScope(SessionHandler.java:1667)
org.eclipse.jetty.server.handler.ScopedHandler.nextScope(ScopedHandler.java:201)
org.eclipse.jetty.server.handler.ContextHandler.doScope(ContextHandler.java:1247)
org.eclipse.jetty.server.handler.ScopedHandler.handle(ScopedHandler.java:144)
org.eclipse.jetty.server.handler.HandlerCollection.handle(HandlerCollection.java:152)
org.eclipse.jetty.server.handler.StatisticsHandler.handle(StatisticsHandler.java:174)
org.eclipse.jetty.server.handler.ContextHandlerCollection.handle(ContextHandlerCollection.java:220)
org.eclipse.jetty.server.handler.gzip.GzipHandler.handle(GzipHandler.java:753)
org.eclipse.jetty.server.handler.HandlerWrapper.handle(HandlerWrapper.java:132)
org.eclipse.jetty.server.Server.handle(Server.java:505)
org.eclipse.jetty.server.HttpChannel.handle(HttpChannel.java:370)
org.eclipse.jetty.server.HttpConnection.onFillable(HttpConnection.java:267)
org.eclipse.jetty.io.AbstractConnection$ReadCallback.succeeded(AbstractConnection.java:305)
org.eclipse.jetty.io.FillInterest.fillable(FillInterest.java:103)
org.eclipse.jetty.io.ChannelEndPoint$2.run(ChannelEndPoint.java:117)
org.eclipse.jetty.util.thread.strategy.EatWhatYouKill.runTask(EatWhatYouKill.java:333)
org.eclipse.jetty.util.thread.strategy.EatWhatYouKill.doProduce(EatWhatYouKill.java:310)
org.eclipse.jetty.util.thread.strategy.EatWhatYouKill.tryProduce(EatWhatYouKill.java:168)
org.eclipse.jetty.util.thread.strategy.EatWhatYouKill.run(EatWhatYouKill.java:126)
org.eclipse.jetty.util.thread.ReservedThreadExecutor$ReservedThread.run(ReservedThreadExecutor.java:366)
org.eclipse.jetty.util.thread.QueuedThreadPool.runJob(QueuedThreadPool.java:698)
org.eclipse.jetty.util.thread.QueuedThreadPool$Runner.run(QueuedThreadPool.java:804)
java.lang.Thread.run(Thread.java:748)
 (io.confluent.ksql.cli.console.Console:275)
[2019-06-14 15:16:33,419] ERROR java.lang.NullPointerException
io.confluent.ksql.schema.ksql.DefaultSqlValueCoercer.coerce(DefaultSqlValueCoercer.java:44)
io.confluent.ksql.rest.server.execution.InsertValuesExecutor$ExpressionResolver.visitLiteral(InsertValuesExecutor.java:327)
io.confluent.ksql.rest.server.execution.InsertValuesExecutor$ExpressionResolver.visitLiteral(InsertValuesExecutor.java:303)
io.confluent.ksql.parser.tree.AstVisitor.visitIntegerLiteral(AstVisitor.java:184)
io.confluent.ksql.parser.tree.IntegerLiteral.accept(IntegerLiteral.java:43)
io.confluent.ksql.parser.tree.AstVisitor.process(AstVisitor.java:23)
io.confluent.ksql.rest.server.execution.InsertValuesExecutor.resolveValues(InsertValuesExecutor.java:215)
io.confluent.ksql.rest.server.execution.InsertValuesExecutor.extractRow(InsertValuesExecutor.java:151)
io.confluent.ksql.rest.server.execution.InsertValuesExecutor.execute(InsertValuesExecutor.java:106)
io.confluent.ksql.rest.server.validation.CustomValidators.validate(CustomValidators.java:110)
io.confluent.ksql.rest.server.validation.RequestValidator.validate(RequestValidator.java:143)
io.confluent.ksql.rest.server.validation.RequestValidator.validate(RequestValidator.java:115)
io.confluent.ksql.rest.server.resources.KsqlResource.handleKsqlStatements(KsqlResource.java:163)
sun.reflect.GeneratedMethodAccessor35.invoke(Unknown Source)
sun.reflect.DelegatingMethodAccessorImpl.invoke(DelegatingMethodAccessorImpl.java:43)
java.lang.reflect.Method.invoke(Method.java:498)
org.glassfish.jersey.server.model.internal.ResourceMethodInvocationHandlerFactory.lambda$static$0(ResourceMethodInvocationHandlerFactory.java:76)
org.glassfish.jersey.server.model.internal.AbstractJavaResourceMethodDispatcher$1.run(AbstractJavaResourceMethodDispatcher.java:148)
org.glassfish.jersey.server.model.internal.AbstractJavaResourceMethodDispatcher.invoke(AbstractJavaResourceMethodDispatcher.java:191)
org.glassfish.jersey.server.model.internal.JavaResourceMethodDispatcherProvider$ResponseOutInvoker.doDispatch(JavaResourceMethodDispatcherProvider.java:200)
org.glassfish.jersey.server.model.internal.AbstractJavaResourceMethodDispatcher.dispatch(AbstractJavaResourceMethodDispatcher.java:103)
org.glassfish.jersey.server.model.ResourceMethodInvoker.invoke(ResourceMethodInvoker.java:493)
org.glassfish.jersey.server.model.ResourceMethodInvoker.apply(ResourceMethodInvoker.java:415)
org.glassfish.jersey.server.model.ResourceMethodInvoker.apply(ResourceMethodInvoker.java:104)
org.glassfish.jersey.server.ServerRuntime$1.run(ServerRuntime.java:277)
org.glassfish.jersey.internal.Errors$1.call(Errors.java:272)
org.glassfish.jersey.internal.Errors$1.call(Errors.java:268)
org.glassfish.jersey.internal.Errors.process(Errors.java:316)
org.glassfish.jersey.internal.Errors.process(Errors.java:298)
org.glassfish.jersey.internal.Errors.process(Errors.java:268)
org.glassfish.jersey.process.internal.RequestScope.runInScope(RequestScope.java:289)
org.glassfish.jersey.server.ServerRuntime.process(ServerRuntime.java:256)
org.glassfish.jersey.server.ApplicationHandler.handle(ApplicationHandler.java:703)
org.glassfish.jersey.servlet.WebComponent.serviceImpl(WebComponent.java:416)
org.glassfish.jersey.servlet.ServletContainer.serviceImpl(ServletContainer.java:409)
org.glassfish.jersey.servlet.ServletContainer.doFilter(ServletContainer.java:584)
org.glassfish.jersey.servlet.ServletContainer.doFilter(ServletContainer.java:525)
org.glassfish.jersey.servlet.ServletContainer.doFilter(ServletContainer.java:462)
org.eclipse.jetty.servlet.ServletHandler$CachedChain.doFilter(ServletHandler.java:1610)
org.eclipse.jetty.servlet.ServletHandler.doHandle(ServletHandler.java:540)
org.eclipse.jetty.server.handler.ScopedHandler.nextHandle(ScopedHandler.java:255)
org.eclipse.jetty.server.session.SessionHandler.doHandle(SessionHandler.java:1700)
org.eclipse.jetty.server.handler.ScopedHandler.nextHandle(ScopedHandler.java:255)
org.eclipse.jetty.server.handler.ContextHandler.doHandle(ContextHandler.java:1345)
org.eclipse.jetty.server.handler.ScopedHandler.nextScope(ScopedHandler.java:203)
org.eclipse.jetty.servlet.ServletHandler.doScope(ServletHandler.java:480)
org.eclipse.jetty.server.session.SessionHandler.doScope(SessionHandler.java:1667)
org.eclipse.jetty.server.handler.ScopedHandler.nextScope(ScopedHandler.java:201)
org.eclipse.jetty.server.handler.ContextHandler.doScope(ContextHandler.java:1247)
org.eclipse.jetty.server.handler.ScopedHandler.handle(ScopedHandler.java:144)
org.eclipse.jetty.server.handler.HandlerCollection.handle(HandlerCollection.java:152)
org.eclipse.jetty.server.handler.StatisticsHandler.handle(StatisticsHandler.java:174)
org.eclipse.jetty.server.handler.ContextHandlerCollection.handle(ContextHandlerCollection.java:220)
org.eclipse.jetty.server.handler.gzip.GzipHandler.handle(GzipHandler.java:753)
org.eclipse.jetty.server.handler.HandlerWrapper.handle(HandlerWrapper.java:132)
org.eclipse.jetty.server.Server.handle(Server.java:505)
org.eclipse.jetty.server.HttpChannel.handle(HttpChannel.java:370)
org.eclipse.jetty.server.HttpConnection.onFillable(HttpConnection.java:267)
org.eclipse.jetty.io.AbstractConnection$ReadCallback.succeeded(AbstractConnection.java:305)
org.eclipse.jetty.io.FillInterest.fillable(FillInterest.java:103)
org.eclipse.jetty.io.ChannelEndPoint$2.run(ChannelEndPoint.java:117)
org.eclipse.jetty.util.thread.strategy.EatWhatYouKill.runTask(EatWhatYouKill.java:333)
org.eclipse.jetty.util.thread.strategy.EatWhatYouKill.doProduce(EatWhatYouKill.java:310)
org.eclipse.jetty.util.thread.strategy.EatWhatYouKill.tryProduce(EatWhatYouKill.java:168)
org.eclipse.jetty.util.thread.strategy.EatWhatYouKill.run(EatWhatYouKill.java:126)
org.eclipse.jetty.util.thread.ReservedThreadExecutor$ReservedThread.run(ReservedThreadExecutor.java:366)
org.eclipse.jetty.util.thread.QueuedThreadPool.runJob(QueuedThreadPool.java:698)
org.eclipse.jetty.util.thread.QueuedThreadPool$Runner.run(QueuedThreadPool.java:804)
java.lang.Thread.run(Thread.java:748)
 (io.confluent.ksql.cli.console.Console:275)
[2019-06-14 15:21:29,518] ERROR java.lang.NullPointerException
io.confluent.ksql.schema.ksql.DefaultSqlValueCoercer.coerce(DefaultSqlValueCoercer.java:44)
io.confluent.ksql.rest.server.execution.InsertValuesExecutor$ExpressionResolver.visitLiteral(InsertValuesExecutor.java:327)
io.confluent.ksql.rest.server.execution.InsertValuesExecutor$ExpressionResolver.visitLiteral(InsertValuesExecutor.java:303)
io.confluent.ksql.parser.tree.AstVisitor.visitIntegerLiteral(AstVisitor.java:184)
io.confluent.ksql.parser.tree.IntegerLiteral.accept(IntegerLiteral.java:43)
io.confluent.ksql.parser.tree.AstVisitor.process(AstVisitor.java:23)
io.confluent.ksql.rest.server.execution.InsertValuesExecutor.resolveValues(InsertValuesExecutor.java:215)
io.confluent.ksql.rest.server.execution.InsertValuesExecutor.extractRow(InsertValuesExecutor.java:151)
io.confluent.ksql.rest.server.execution.InsertValuesExecutor.execute(InsertValuesExecutor.java:106)
io.confluent.ksql.rest.server.validation.CustomValidators.validate(CustomValidators.java:110)
io.confluent.ksql.rest.server.validation.RequestValidator.validate(RequestValidator.java:143)
io.confluent.ksql.rest.server.validation.RequestValidator.validate(RequestValidator.java:115)
io.confluent.ksql.rest.server.resources.KsqlResource.handleKsqlStatements(KsqlResource.java:163)
sun.reflect.GeneratedMethodAccessor35.invoke(Unknown Source)
sun.reflect.DelegatingMethodAccessorImpl.invoke(DelegatingMethodAccessorImpl.java:43)
java.lang.reflect.Method.invoke(Method.java:498)
org.glassfish.jersey.server.model.internal.ResourceMethodInvocationHandlerFactory.lambda$static$0(ResourceMethodInvocationHandlerFactory.java:76)
org.glassfish.jersey.server.model.internal.AbstractJavaResourceMethodDispatcher$1.run(AbstractJavaResourceMethodDispatcher.java:148)
org.glassfish.jersey.server.model.internal.AbstractJavaResourceMethodDispatcher.invoke(AbstractJavaResourceMethodDispatcher.java:191)
org.glassfish.jersey.server.model.internal.JavaResourceMethodDispatcherProvider$ResponseOutInvoker.doDispatch(JavaResourceMethodDispatcherProvider.java:200)
org.glassfish.jersey.server.model.internal.AbstractJavaResourceMethodDispatcher.dispatch(AbstractJavaResourceMethodDispatcher.java:103)
org.glassfish.jersey.server.model.ResourceMethodInvoker.invoke(ResourceMethodInvoker.java:493)
org.glassfish.jersey.server.model.ResourceMethodInvoker.apply(ResourceMethodInvoker.java:415)
org.glassfish.jersey.server.model.ResourceMethodInvoker.apply(ResourceMethodInvoker.java:104)
org.glassfish.jersey.server.ServerRuntime$1.run(ServerRuntime.java:277)
org.glassfish.jersey.internal.Errors$1.call(Errors.java:272)
org.glassfish.jersey.internal.Errors$1.call(Errors.java:268)
org.glassfish.jersey.internal.Errors.process(Errors.java:316)
org.glassfish.jersey.internal.Errors.process(Errors.java:298)
org.glassfish.jersey.internal.Errors.process(Errors.java:268)
org.glassfish.jersey.process.internal.RequestScope.runInScope(RequestScope.java:289)
org.glassfish.jersey.server.ServerRuntime.process(ServerRuntime.java:256)
org.glassfish.jersey.server.ApplicationHandler.handle(ApplicationHandler.java:703)
org.glassfish.jersey.servlet.WebComponent.serviceImpl(WebComponent.java:416)
org.glassfish.jersey.servlet.ServletContainer.serviceImpl(ServletContainer.java:409)
org.glassfish.jersey.servlet.ServletContainer.doFilter(ServletContainer.java:584)
org.glassfish.jersey.servlet.ServletContainer.doFilter(ServletContainer.java:525)
org.glassfish.jersey.servlet.ServletContainer.doFilter(ServletContainer.java:462)
org.eclipse.jetty.servlet.ServletHandler$CachedChain.doFilter(ServletHandler.java:1610)
org.eclipse.jetty.servlet.ServletHandler.doHandle(ServletHandler.java:540)
org.eclipse.jetty.server.handler.ScopedHandler.nextHandle(ScopedHandler.java:255)
org.eclipse.jetty.server.session.SessionHandler.doHandle(SessionHandler.java:1700)
org.eclipse.jetty.server.handler.ScopedHandler.nextHandle(ScopedHandler.java:255)
org.eclipse.jetty.server.handler.ContextHandler.doHandle(ContextHandler.java:1345)
org.eclipse.jetty.server.handler.ScopedHandler.nextScope(ScopedHandler.java:203)
org.eclipse.jetty.servlet.ServletHandler.doScope(ServletHandler.java:480)
org.eclipse.jetty.server.session.SessionHandler.doScope(SessionHandler.java:1667)
org.eclipse.jetty.server.handler.ScopedHandler.nextScope(ScopedHandler.java:201)
org.eclipse.jetty.server.handler.ContextHandler.doScope(ContextHandler.java:1247)
org.eclipse.jetty.server.handler.ScopedHandler.handle(ScopedHandler.java:144)
org.eclipse.jetty.server.handler.HandlerCollection.handle(HandlerCollection.java:152)
org.eclipse.jetty.server.handler.StatisticsHandler.handle(StatisticsHandler.java:174)
org.eclipse.jetty.server.handler.ContextHandlerCollection.handle(ContextHandlerCollection.java:220)
org.eclipse.jetty.server.handler.gzip.GzipHandler.handle(GzipHandler.java:753)
org.eclipse.jetty.server.handler.HandlerWrapper.handle(HandlerWrapper.java:132)
org.eclipse.jetty.server.Server.handle(Server.java:505)
org.eclipse.jetty.server.HttpChannel.handle(HttpChannel.java:370)
org.eclipse.jetty.server.HttpConnection.onFillable(HttpConnection.java:267)
org.eclipse.jetty.io.AbstractConnection$ReadCallback.succeeded(AbstractConnection.java:305)
org.eclipse.jetty.io.FillInterest.fillable(FillInterest.java:103)
org.eclipse.jetty.io.ChannelEndPoint$2.run(ChannelEndPoint.java:117)
org.eclipse.jetty.util.thread.strategy.EatWhatYouKill.runTask(EatWhatYouKill.java:333)
org.eclipse.jetty.util.thread.strategy.EatWhatYouKill.doProduce(EatWhatYouKill.java:310)
org.eclipse.jetty.util.thread.strategy.EatWhatYouKill.tryProduce(EatWhatYouKill.java:168)
org.eclipse.jetty.util.thread.strategy.EatWhatYouKill.run(EatWhatYouKill.java:126)
org.eclipse.jetty.util.thread.ReservedThreadExecutor$ReservedThread.run(ReservedThreadExecutor.java:366)
org.eclipse.jetty.util.thread.QueuedThreadPool.runJob(QueuedThreadPool.java:698)
org.eclipse.jetty.util.thread.QueuedThreadPool$Runner.run(QueuedThreadPool.java:804)
java.lang.Thread.run(Thread.java:748)
 (io.confluent.ksql.cli.console.Console:275)
